Replace Part C1 C0805C180J5GACTU in D:\Amit\4-Port_USB_HUB\Design Files\V1I1\4-Port_USB_HUB_SCH.SchDoc with C0805C180J5GACTU from 4-Port_USB_HUB_SCHLib.SchLib
Replace Part C2 C0805C180J5GACTU in D:\Amit\4-Port_USB_HUB\Design Files\V1I1\4-Port_USB_HUB_SCH.SchDoc with C0805C180J5GACTU from 4-Port_USB_HUB_SCHLib.SchLib
Replace Part C3 C0402C105K9PACTU in D:\Amit\4-Port_USB_HUB\Design Files\V1I1\4-Port_USB_HUB_SCH.SchDoc with C0402C105K9PACTU from 4-Port_USB_HUB_SCHLib.SchLib
Replace Part C4 GRM155R60J475ME47D in D:\Amit\4-Port_USB_HUB\Design Files\V1I1\4-Port_USB_HUB_SCH.SchDoc with GRM155R60J475ME47D from 4-Port_USB_HUB_SCHLib.SchLib
Replace Part C5 GRM155R60J475ME47D in D:\Amit\4-Port_USB_HUB\Design Files\V1I1\4-Port_USB_HUB_SCH.SchDoc with GRM155R60J475ME47D from 4-Port_USB_HUB_SCHLib.SchLib
Replace Part C6 GRM155R60J475ME47D in D:\Amit\4-Port_USB_HUB\Design Files\V1I1\4-Port_USB_HUB_SCH.SchDoc with GRM155R60J475ME47D from 4-Port_USB_HUB_SCHLib.SchLib
Replace Part C7 C0402C105K9PACTU in D:\Amit\4-Port_USB_HUB\Design Files\V1I1\4-Port_USB_HUB_SCH.SchDoc with C0402C105K9PACTU from 4-Port_USB_HUB_SCHLib.SchLib
Replace Part D1 ESD9B3.3ST5G in D:\Amit\4-Port_USB_HUB\Design Files\V1I1\4-Port_USB_HUB_SCH.SchDoc with ESD9B3.3ST5G from 4-Port_USB_HUB_SCHLib.SchLib
Replace Part D2 ESD9B3.3ST5G in D:\Amit\4-Port_USB_HUB\Design Files\V1I1\4-Port_USB_HUB_SCH.SchDoc with ESD9B3.3ST5G from 4-Port_USB_HUB_SCHLib.SchLib
Replace Part D3 ESD9B3.3ST5G in D:\Amit\4-Port_USB_HUB\Design Files\V1I1\4-Port_USB_HUB_SCH.SchDoc with ESD9B3.3ST5G from 4-Port_USB_HUB_SCHLib.SchLib
Replace Part D4 ESD9B3.3ST5G in D:\Amit\4-Port_USB_HUB\Design Files\V1I1\4-Port_USB_HUB_SCH.SchDoc with ESD9B3.3ST5G from 4-Port_USB_HUB_SCHLib.SchLib
Replace Part D5 ESD9B3.3ST5G in D:\Amit\4-Port_USB_HUB\Design Files\V1I1\4-Port_USB_HUB_SCH.SchDoc with ESD9B3.3ST5G from 4-Port_USB_HUB_SCHLib.SchLib
Replace Part D6 ESD9B3.3ST5G in D:\Amit\4-Port_USB_HUB\Design Files\V1I1\4-Port_USB_HUB_SCH.SchDoc with ESD9B3.3ST5G from 4-Port_USB_HUB_SCHLib.SchLib
Replace Part D7 ESD9B3.3ST5G in D:\Amit\4-Port_USB_HUB\Design Files\V1I1\4-Port_USB_HUB_SCH.SchDoc with ESD9B3.3ST5G from 4-Port_USB_HUB_SCHLib.SchLib
Replace Part D8 ESD9B3.3ST5G in D:\Amit\4-Port_USB_HUB\Design Files\V1I1\4-Port_USB_HUB_SCH.SchDoc with ESD9B3.3ST5G from 4-Port_USB_HUB_SCHLib.SchLib
Replace Part D9 ESD9B3.3ST5G in D:\Amit\4-Port_USB_HUB\Design Files\V1I1\4-Port_USB_HUB_SCH.SchDoc with ESD9B3.3ST5G from 4-Port_USB_HUB_SCHLib.SchLib
Replace Part D10 ESD9B3.3ST5G in D:\Amit\4-Port_USB_HUB\Design Files\V1I1\4-Port_USB_HUB_SCH.SchDoc with ESD9B3.3ST5G from 4-Port_USB_HUB_SCHLib.SchLib
Replace Part J1 KUSBVX-AS1N-B30 in D:\Amit\4-Port_USB_HUB\Design Files\V1I1\4-Port_USB_HUB_SCH.SchDoc with KUSBVX-AS1N-B30 from 4-Port_USB_HUB_SCHLib.SchLib
Replace Part J2 KUSBVX-AS1N-B30 in D:\Amit\4-Port_USB_HUB\Design Files\V1I1\4-Port_USB_HUB_SCH.SchDoc with KUSBVX-AS1N-B30 from 4-Port_USB_HUB_SCHLib.SchLib
Replace Part J3 KUSBVX-AS1N-B30 in D:\Amit\4-Port_USB_HUB\Design Files\V1I1\4-Port_USB_HUB_SCH.SchDoc with KUSBVX-AS1N-B30 from 4-Port_USB_HUB_SCHLib.SchLib
Replace Part J4 KUSBVX-AS1N-B30 in D:\Amit\4-Port_USB_HUB\Design Files\V1I1\4-Port_USB_HUB_SCH.SchDoc with KUSBVX-AS1N-B30 from 4-Port_USB_HUB_SCHLib.SchLib
Replace Part J5 KUSBVX-AS1N-B30 in D:\Amit\4-Port_USB_HUB\Design Files\V1I1\4-Port_USB_HUB_SCH.SchDoc with KUSBVX-AS1N-B30 from 4-Port_USB_HUB_SCHLib.SchLib
Replace Part R1 RC0402JR-0756KL in D:\Amit\4-Port_USB_HUB\Design Files\V1I1\4-Port_USB_HUB_SCH.SchDoc with RC0402JR-0756KL from 4-Port_USB_HUB_SCHLib.SchLib
Replace Part R2 RC0402FR-071ML in D:\Amit\4-Port_USB_HUB\Design Files\V1I1\4-Port_USB_HUB_SCH.SchDoc with RC0402FR-071ML from 4-Port_USB_HUB_SCHLib.SchLib
Replace Part R3 RC0402JR-0756KL in D:\Amit\4-Port_USB_HUB\Design Files\V1I1\4-Port_USB_HUB_SCH.SchDoc with RC0402JR-0756KL from 4-Port_USB_HUB_SCHLib.SchLib
Replace Part R4 RC0402JR-0712KL in D:\Amit\4-Port_USB_HUB\Design Files\V1I1\4-Port_USB_HUB_SCH.SchDoc with RC0402JR-0712KL from 4-Port_USB_HUB_SCHLib.SchLib
Replace Part U1 USB2514B-I/M2 in D:\Amit\4-Port_USB_HUB\Design Files\V1I1\4-Port_USB_HUB_SCH.SchDoc with USB2514B-I/M2 from 4-Port_USB_HUB_SCHLib.SchLib
Replace Part U2 MIC5504-3.3YM5-TR in D:\Amit\4-Port_USB_HUB\Design Files\V1I1\4-Port_USB_HUB_SCH.SchDoc with MIC5504-3.3YM5-TR from 4-Port_USB_HUB_SCHLib.SchLib
Replace Part X1 XRCGB24M000F0L00R0 in D:\Amit\4-Port_USB_HUB\Design Files\V1I1\4-Port_USB_HUB_SCH.SchDoc with XRCGB24M000F0L00R0 from 4-Port_USB_HUB_SCHLib.SchLib
